Log file open, 11/30/18 14:12:52
LogWindows: Failed to load 'aqProf.dll' (GetLastError=126)
LogWindows: File 'aqProf.dll' does not exist
LogWindows: Failed to load 'VtuneApi.dll' (GetLastError=126)
LogWindows: File 'VtuneApi.dll' does not exist
LogWindows: Failed to load 'VtuneApi32e.dll' (GetLastError=126)
LogWindows: File 'VtuneApi32e.dll' does not exist
LogInit: Display: Running engine for game: finalProjectg4g18
LogPlatformFile: Not using cached read wrapper
LogTaskGraph: Started task graph with 5 named threads and 23 total threads with 3 sets of task threads.
LogStats: Stats thread started at 0.315853
LogD3D11RHI: Loaded GFSDK_Aftermath_Lib.x64.dll
LogICUInternationalization: Display: ICU TimeZone Detection - Raw Offset: -5:00, Platform Override: ''
LogPluginManager: Mounting plugin Paper2D
LogPluginManager: Mounting plugin AISupport
LogPluginManager: Mounting plugin LightPropagationVolume
LogPluginManager: Mounting plugin CLionSourceCodeAccess
LogPluginManager: Mounting plugin CodeLiteSourceCodeAccess
LogPluginManager: Mounting plugin GitSourceControl
LogPluginManager: Mounting plugin KDevelopSourceCodeAccess
LogPluginManager: Mounting plugin NullSourceCodeAccess
LogPluginManager: Mounting plugin PerforceSourceControl
LogPluginManager: Mounting plugin SubversionSourceControl
LogPluginManager: Mounting plugin UObjectPlugin
LogPluginManager: Mounting plugin VisualStudioCodeSourceCodeAccess
LogPluginManager: Mounting plugin VisualStudioSourceCodeAccess
LogPluginManager: Mounting plugin XCodeSourceCodeAccess
LogPluginManager: Mounting plugin AssetManagerEditor
LogPluginManager: Mounting plugin CryptoKeys
LogPluginManager: Mounting plugin DataValidation
LogPluginManager: Mounting plugin FacialAnimation
LogPluginManager: Mounting plugin GameplayTagsEditor
LogPluginManager: Mounting plugin MacGraphicsSwitching
LogPluginManager: Mounting plugin MeshEditor
LogPluginManager: Mounting plugin MobileLauncherProfileWizard
LogPluginManager: Mounting plugin PluginBrowser
LogPluginManager: Mounting plugin SpeedTreeImporter
LogPluginManager: Mounting plugin DatasmithContent
LogPluginManager: Mounting plugin AlembicImporter
LogPluginManager: Mounting plugin AppleImageUtils
LogPluginManager: Mounting plugin AppleVision
LogPluginManager: Mounting plugin BackChannel
LogPluginManager: Mounting plugin CharacterAI
LogPluginManager: Mounting plugin GeometryCache
LogPluginManager: Mounting plugin HTML5Networking
LogPluginManager: Mounting plugin ProxyLODPlugin
LogPluginManager: Mounting plugin MagicLeap
LogPluginManager: Mounting plugin MagicLeapEmulator
LogPluginManager: Mounting plugin MagicLeapMedia
LogPluginManager: Mounting plugin AndroidMedia
LogPluginManager: Mounting plugin AvfMedia
LogPluginManager: Mounting plugin ImgMedia
LogPluginManager: Mounting plugin LinearTimecode
LogPluginManager: Mounting plugin MediaCompositing
LogPluginManager: Mounting plugin MediaPlayerEditor
LogPluginManager: Mounting plugin WmfMedia
LogPluginManager: Mounting plugin TcpMessaging
LogPluginManager: Mounting plugin UdpMessaging
LogPluginManager: Mounting plugin ActorSequence
LogPluginManager: Mounting plugin LevelSequenceEditor
LogPluginManager: Mounting plugin MatineeToLevelSequence
LogPluginManager: Mounting plugin NetcodeUnitTest
LogPluginManager: Mounting plugin NUTUnrealEngine4
LogPluginManager: Mounting plugin OnlineSubsystemGooglePlay
LogPluginManager: Mounting plugin OnlineSubsystemIOS
LogPluginManager: Mounting plugin OnlineSubsystem
LogPluginManager: Mounting plugin OnlineSubsystemNull
LogPluginManager: Mounting plugin OnlineSubsystemUtils
LogPluginManager: Mounting plugin LauncherChunkInstaller
LogPluginManager: Mounting plugin AndroidDeviceProfileSelector
LogPluginManager: Mounting plugin AndroidMoviePlayer
LogPluginManager: Mounting plugin AndroidPermission
LogPluginManager: Mounting plugin AppleMoviePlayer
LogPluginManager: Mounting plugin ArchVisCharacter
LogPluginManager: Mounting plugin AudioCapture
LogPluginManager: Mounting plugin CableComponent
LogPluginManager: Mounting plugin CustomMeshComponent
LogPluginManager: Mounting plugin EditableMesh
LogPluginManager: Mounting plugin ExampleDeviceProfileSelector
LogPluginManager: Mounting plugin GoogleCloudMessaging
LogPluginManager: Mounting plugin ImmediatePhysics
LogPluginManager: Mounting plugin IOSDeviceProfileSelector
LogPluginManager: Mounting plugin LinuxDeviceProfileSelector
LogPluginManager: Mounting plugin LocationServicesBPLibrary
LogPluginManager: Mounting plugin MobilePatchingUtils
LogPluginManager: Mounting plugin OculusVR
LogPluginManager: Plugin shader directory ../../../Engine/Plugins/Runtime/Oculus/OculusVR/Shaders found
LogPluginManager: Mapping shader source directory ../../../Engine/Plugins/Runtime/Oculus/OculusVR/Shaders to virtual directory /Plugin/OculusVR
LogPluginManager: Mounting plugin PhysXVehicles
LogPluginManager: Mounting plugin ProceduralMeshComponent
LogPluginManager: Mounting plugin RuntimePhysXCooking
LogPluginManager: Mounting plugin SteamVR
LogPluginManager: Mounting plugin WindowsMoviePlayer
LogStreaming: Display: Took  0.111s to configure plugins.
LogInit: Warning: Incompatible or missing module: finalProjectg4g18
Running C:/Users/Vlad/Documents/GitHub/g4g18/Engine/Binaries/DotNET/UnrealBuildTool.exe Development Win64 -Project="C:/Users/Vlad/Documents/School/g4g/finalProjectg4g18/finalProjectg4g18.uproject" -TargetType=Editor -Progress -NoHotReloadFromIDE
Performing full C++ include scan (building a new target)
Using 'git status' to determine working set for adaptive non-unity build.
Creating makefile for finalProjectg4g18Editor (no existing makefile)
Using Visual Studio 2017 14.14.26428 toolchain (C:\Program Files (x86)\Microsoft Visual Studio\2017\Community\VC\Tools\MSVC\14.14.26428) and Windows 10.0.16299.0 SDK (C:\Program Files (x86)\Windows Kits\10).
@progress push 5%
Building UnrealHeaderTool...
Using 'git status' to determine working set for adaptive non-unity build.
Creating makefile for UnrealHeaderTool (no existing makefile)
Using Visual Studio 2017 14.14.26428 toolchain (C:\Program Files (x86)\Microsoft Visual Studio\2017\Community\VC\Tools\MSVC\14.14.26428) and Windows 10.0.16299.0 SDK (C:\Program Files (x86)\Windows Kits\10).
Target is up to date
Total build time: 2.44 seconds (NoActionsToExecute executor: 0.00 seconds)
Parsing headers for finalProjectg4g18Editor
  Running UnrealHeaderTool "C:\Users\Vlad\Documents\School\g4g\finalProjectg4g18\finalProjectg4g18.uproject" "C:\Users\Vlad\Documents\School\g4g\finalProjectg4g18\Intermediate\Build\Win64\finalProjectg4g18Editor\Development\finalProjectg4g18Editor.uhtmanifest" -LogCmds="loginit warning, logexit warning, logdatabase error" -Unattended -WarningsAsErrors
Reflection code generated for finalProjectg4g18Editor in 45.5510796 seconds
@progress pop
Failed to delete file 'C:\Users\Vlad\Documents\GitHub\g4g18\Engine\Binaries\Win64\UE4Editor-Renderer.dll'
    Exception: Access to the path 'C:\Users\Vlad\Documents\GitHub\g4g18\Engine\Binaries\Win64\UE4Editor-Renderer.dll' is denied.
Attempting to retry...
Failed to delete file 'C:\Users\Vlad\Documents\GitHub\g4g18\Engine\Binaries\Win64\UE4Editor-Renderer.dll'
    Exception: Access to the path 'C:\Users\Vlad\Documents\GitHub\g4g18\Engine\Binaries\Win64\UE4Editor-Renderer.dll' is denied.
Attempting to retry...
Failed to delete file 'C:\Users\Vlad\Documents\GitHub\g4g18\Engine\Binaries\Win64\UE4Editor-Renderer.dll'
    Exception: Access to the path 'C:\Users\Vlad\Documents\GitHub\g4g18\Engine\Binaries\Win64\UE4Editor-Renderer.dll' is denied.
ERROR: Exhausted all retries!
Building 10 actions with 8 processes...
  @progress 'Compiling C++ source code...' 0%
  @progress 'Compiling C++ source code...' 10%
  [1/10] finalProjectg4g18.init.gen.cpp
  @progress 'Compiling C++ source code...' 20%
  [2/10] finalProjectg4g18GameModeBase.gen.cpp
  @progress 'Compiling C++ source code...' 30%
  [3/10] finalProjectg4g18.cpp
  @progress 'Compiling C++ source code...' 40%
  [4/10] finalProjectg4g18GameModeBase.cpp
  @progress 'Compiling C++ source code...' 50%
  [5/10] UE4Editor-finalProjectg4g18.lib
     Creating library C:\Users\Vlad\Documents\School\g4g\finalProjectg4g18\Intermediate\Build\Win64\UE4Editor\Development\finalProjectg4g18\UE4Editor-finalProjectg4g18.lib and object C:\Users\Vlad\Documents\School\g4g\finalProjectg4g18\Intermediate\Build\Win64\UE4Editor\Development\finalProjectg4g18\UE4Editor-finalProjectg4g18.exp
  @progress 'Compiling C++ source code...' 60%
  [6/10] UE4Editor-finalProjectg4g18.dll
     Creating library C:\Users\Vlad\Documents\School\g4g\finalProjectg4g18\Intermediate\Build\Win64\UE4Editor\Development\finalProjectg4g18\UE4Editor-finalProjectg4g18.suppressed.lib and object C:\Users\Vlad\Documents\School\g4g\finalProjectg4g18\Intermediate\Build\Win64\UE4Editor\Development\finalProjectg4g18\UE4Editor-finalProjectg4g18.suppressed.exp
  @progress 'Compiling C++ source code...' 70%
  [7/10] Module.Renderer.6_of_12.cpp
  @progress 'Compiling C++ source code...' 80%
  [8/10] Module.Renderer.7_of_12.cpp
  @progress 'Compiling C++ source code...' 90%
  [9/10] UE4Editor-Renderer.dll
  LINK : fatal error LNK1104: cannot open file 'C:\Users\Vlad\Documents\GitHub\g4g18\Engine\Binaries\Win64\UE4Editor-Renderer.dll'
  @progress 'Compiling C++ source code...' 100%
  [10/10] UE4Editor-Renderer.lib
     Creating library C:\Users\Vlad\Documents\GitHub\g4g18\Engine\Intermediate\Build\Win64\UE4Editor\Development\Renderer\UE4Editor-Renderer.lib and object C:\Users\Vlad\Documents\GitHub\g4g18\Engine\Intermediate\Build\Win64\UE4Editor\Development\Renderer\UE4Editor-Renderer.exp
ERROR: UBT ERROR: Failed to produce item: C:\Users\Vlad\Documents\GitHub\g4g18\Engine\Intermediate\Build\Win64\UE4Editor\Development\Renderer\UE4Editor-Renderer.suppressed.exp
       (see ../Programs/UnrealBuildTool/Log.txt for full exception trace)
Total build time: 209.05 seconds (Parallel executor: 0.00 seconds)
LogInit: Warning: Still incompatible or missing module: finalProjectg4g18
LogExit: Preparing to exit.
LogModuleManager: Shutting down and abandoning module DesktopPlatform (38)
LogModuleManager: Shutting down and abandoning module AnimationModifiers (36)
LogModuleManager: Shutting down and abandoning module PropertyEditor (35)
LogModuleManager: Shutting down and abandoning module AudioEditor (32)
LogModuleManager: Shutting down and abandoning module TextureCompressor (30)
LogModuleManager: Shutting down and abandoning module ShaderCore (28)
LogModuleManager: Shutting down and abandoning module Landscape (26)
LogModuleManager: Shutting down and abandoning module SlateRHIRenderer (24)
LogModuleManager: Shutting down and abandoning module OpenGLDrv (22)
LogModuleManager: Shutting down and abandoning module D3D11RHI (20)
LogModuleManager: Shutting down and abandoning module AnimGraphRuntime (18)
LogModuleManager: Shutting down and abandoning module Renderer (16)
LogModuleManager: Shutting down and abandoning module Engine (14)
LogModuleManager: Shutting down and abandoning module CoreUObject (12)
LogModuleManager: Shutting down and abandoning module NetworkFile (10)
LogModuleManager: Shutting down and abandoning module CookedIterativeFile (8)
LogModuleManager: Shutting down and abandoning module StreamingFile (6)
LogModuleManager: Shutting down and abandoning module SandboxFile (4)
LogModuleManager: Shutting down and abandoning module PakFile (2)
LogExit: Exiting.
Log file closed, 11/30/18 14:16:35
